<?xml version="1.0" encoding="UTF-8"?>
<!-- Generated by org.testng.reporters.JUnitReportReporter -->
<testsuite hostname="DESKTOP-K4H8VJG" failures="0" tests="1" name="MallulaAcadamytests.StandAloneTestReference" time="12.866" errors="0" timestamp="23 Jan 2023 13:47:34 GMT" skipped="0">
  <testcase classname="MallulaAcadamytests.StandAloneTestReference" name="test" time="12.866"/>
</testsuite> <!-- MallulaAcadamytests.StandAloneTestReference -->
