<?xml version="1.0" encoding="UTF-8"?>
<!-- Generated by org.testng.reporters.JUnitReportReporter -->
<testsuite hostname="DESKTOP-K4H8VJG" failures="0" tests="1" name="MallulaAcadamy.StandAloneTest" time="62.004" errors="0" timestamp="23 Jan 2023 12:22:50 GMT" skipped="0">
  <testcase classname="MallulaAcadamy.StandAloneTest" name="test" time="62.004"/>
</testsuite> <!-- MallulaAcadamy.StandAloneTest -->
