<?xml version="1.0" encoding="UTF-8"?>
<!-- Generated by org.testng.reporters.JUnitReportReporter -->
<testsuite hostname="DESKTOP-K4H8VJG" failures="0" tests="2" name="MallulaAcadamytests.MakeOrder_DataProviderJson" time="24.304" errors="0" timestamp="24 Jan 2023 10:00:22 GMT" skipped="0">
  <testcase classname="MallulaAcadamytests.MakeOrder_DataProviderJson" name="test" time="13.100"/>
  <testcase classname="MallulaAcadamytests.MakeOrder_DataProviderJson" name="test" time="11.204"/>
</testsuite> <!-- MallulaAcadamytests.MakeOrder_DataProviderJson -->
