<?xml version="1.0" encoding="UTF-8"?>
<!-- Generated by org.testng.reporters.JUnitReportReporter -->
<testsuite hostname="DESKTOP-K4H8VJG" failures="0" tests="2" name="MallulaAcadamytests.StandAloneTest" time="78.805" errors="0" timestamp="27 Jan 2023 07:07:06 GMT" skipped="0">
  <testcase classname="MallulaAcadamytests.StandAloneTest" name="test" time="67.539"/>
  <testcase classname="MallulaAcadamytests.StandAloneTest" name="test" time="11.266"/>
</testsuite> <!-- MallulaAcadamytests.StandAloneTest -->
