<?xml version="1.0" encoding="UTF-8"?>
<!-- Generated by org.testng.reporters.JUnitReportReporter -->
<testsuite hostname="DESKTOP-K4H8VJG" failures="0" tests="2" name="MallulaAcadamytests.MakeOrder_DataProviderHashMap" time="26.954" errors="0" timestamp="24 Jan 2023 07:33:29 GMT" skipped="0">
  <testcase classname="MallulaAcadamytests.MakeOrder_DataProviderHashMap" name="test" time="11.767"/>
  <testcase classname="MallulaAcadamytests.MakeOrder_DataProviderHashMap" name="test" time="15.187"/>
</testsuite> <!-- MallulaAcadamytests.MakeOrder_DataProviderHashMap -->
