<?xml version="1.0" encoding="UTF-8"?>
<!-- Generated by org.testng.reporters.JUnitReportReporter -->
<testsuite hostname="DESKTOP-K4H8VJG" failures="0" tests="1" name="TestRunner.TestNgTestRunner" time="22.179" errors="0" timestamp="27 Jan 2023 09:21:44 GMT" skipped="0">
  <testcase classname="TestRunner.TestNgTestRunner" name="runScenario" time="22.179"/>
</testsuite> <!-- TestRunner.TestNgTestRunner -->
