<?xml version="1.0" encoding="UTF-8"?>
<!-- Generated by org.testng.reporters.JUnitReportReporter -->
<testsuite skipped="0" hostname="DESKTOP-K4H8VJG" name="MallulaAcadamytests.StandAloneTest" tests="3" failures="0" timestamp="25 Jan 2023 17:55:48 GMT" time="325.465" errors="0">
  <testcase name="test" time="116.046" classname="MallulaAcadamytests.StandAloneTest"/>
  <testcase name="test" time="107.841" classname="MallulaAcadamytests.StandAloneTest"/>
  <testcase name="verifyOrderHystory" time="101.578" classname="MallulaAcadamytests.StandAloneTest"/>
</testsuite> <!-- MallulaAcadamytests.StandAloneTest -->
